<?xml version="1.0" encoding="UTF-8"?>
<testsuite xmlns:xsi="http://www.w3.org/2001/XMLSchema-instance" xsi:noNamespaceSchemaLocation="https://maven.apache.org/surefire/maven-surefire-plugin/xsd/surefire-test-report.xsd" name="com.example.TestSampleInput" time="0.207" tests="1" errors="0" skipped="0" failures="0">
  <properties>
    <property name="sun.desktop" value="windows"/>
    <property name="awt.toolkit" value="sun.awt.windows.WToolkit"/>
    <property name="file.encoding.pkg" value="sun.io"/>
    <property name="java.specification.version" value="1.8"/>
    <property name="sun.cpu.isalist" value="amd64"/>
    <property name="sun.jnu.encoding" value="MS950"/>
    <property name="java.class.path" value="C:\Users\benson\Desktop\school\research\ParseInject\src\java\coco\coco\target\test-classes;C:\Users\benson\Desktop\school\research\ParseInject\src\java\coco\coco\target\generated-classes\cobertura;C:\Users\benson\.m2\repository\junit\junit\4.11\junit-4.11.jar;C:\Users\benson\.m2\repository\org\hamcrest\hamcrest-core\1.3\hamcrest-core-1.3.jar;C:\Users\benson\.m2\repository\net\sourceforge\cobertura\cobertura\2.1.1\cobertura-2.1.1.jar;C:\Users\benson\.m2\repository\jaxen\jaxen\1.1.4\jaxen-1.1.4.jar;C:\Users\benson\.m2\repository\org\apache\ant\ant\1.8.3\ant-1.8.3.jar;C:\Users\benson\.m2\repository\org\apache\ant\ant-launcher\1.8.3\ant-launcher-1.8.3.jar;C:\Users\benson\.m2\repository\org\apache\ant\ant-junit\1.8.3\ant-junit-1.8.3.jar;C:\Users\benson\.m2\repository\org\mortbay\jetty\servlet-api-2.5\6.1.14\servlet-api-2.5-6.1.14.jar;C:\Users\benson\.m2\repository\org\mortbay\jetty\jetty\6.1.14\jetty-6.1.14.jar;C:\Users\benson\.m2\repository\org\mortbay\jetty\jetty-util\6.1.14\jetty-util-6.1.14.jar;C:\Program Files\AdoptOpenJDK\openlogic-openjdk-8u392-b08-windows-64\jre\..\lib\tools.jar;C:\Users\benson\.m2\repository\org\slf4j\slf4j-api\1.7.5\slf4j-api-1.7.5.jar;C:\Users\benson\.m2\repository\ch\qos\logback\logback-classic\1.0.13\logback-classic-1.0.13.jar;C:\Users\benson\.m2\repository\ch\qos\logback\logback-core\1.0.13\logback-core-1.0.13.jar;C:\Users\benson\.m2\repository\org\apache\commons\commons-lang3\3.3.2\commons-lang3-3.3.2.jar;"/>
    <property name="java.vm.vendor" value="Oracle Corporation"/>
    <property name="sun.arch.data.model" value="64"/>
    <property name="user.variant" value=""/>
    <property name="java.vendor.url" value="http://java.oracle.com/"/>
    <property name="user.timezone" value="America/Indianapolis"/>
    <property name="user.country.format" value="US"/>
    <property name="java.vm.specification.version" value="1.8"/>
    <property name="os.name" value="Windows 10"/>
    <property name="user.country" value="TW"/>
    <property name="sun.java.launcher" value="SUN_STANDARD"/>
    <property name="sun.boot.library.path" value="C:\Program Files\AdoptOpenJDK\openlogic-openjdk-8u392-b08-windows-64\jre\bin"/>
    <property name="sun.java.command" value="C:\Users\benson\AppData\Local\Temp\surefire2589518369694010660\surefirebooter5843682665321344772.jar C:\Users\benson\AppData\Local\Temp\surefire2589518369694010660 2023-10-27T01-48-09_861-jvmRun1 surefire1323910532220759890tmp surefire_0445410726649882889tmp"/>
    <property name="surefire.test.class.path" value="C:\Users\benson\Desktop\school\research\ParseInject\src\java\coco\coco\target\test-classes;C:\Users\benson\Desktop\school\research\ParseInject\src\java\coco\coco\target\generated-classes\cobertura;C:\Users\benson\.m2\repository\junit\junit\4.11\junit-4.11.jar;C:\Users\benson\.m2\repository\org\hamcrest\hamcrest-core\1.3\hamcrest-core-1.3.jar;C:\Users\benson\.m2\repository\net\sourceforge\cobertura\cobertura\2.1.1\cobertura-2.1.1.jar;C:\Users\benson\.m2\repository\jaxen\jaxen\1.1.4\jaxen-1.1.4.jar;C:\Users\benson\.m2\repository\org\apache\ant\ant\1.8.3\ant-1.8.3.jar;C:\Users\benson\.m2\repository\org\apache\ant\ant-launcher\1.8.3\ant-launcher-1.8.3.jar;C:\Users\benson\.m2\repository\org\apache\ant\ant-junit\1.8.3\ant-junit-1.8.3.jar;C:\Users\benson\.m2\repository\org\mortbay\jetty\servlet-api-2.5\6.1.14\servlet-api-2.5-6.1.14.jar;C:\Users\benson\.m2\repository\org\mortbay\jetty\jetty\6.1.14\jetty-6.1.14.jar;C:\Users\benson\.m2\repository\org\mortbay\jetty\jetty-util\6.1.14\jetty-util-6.1.14.jar;C:\Program Files\AdoptOpenJDK\openlogic-openjdk-8u392-b08-windows-64\jre\..\lib\tools.jar;C:\Users\benson\.m2\repository\org\slf4j\slf4j-api\1.7.5\slf4j-api-1.7.5.jar;C:\Users\benson\.m2\repository\ch\qos\logback\logback-classic\1.0.13\logback-classic-1.0.13.jar;C:\Users\benson\.m2\repository\ch\qos\logback\logback-core\1.0.13\logback-core-1.0.13.jar;C:\Users\benson\.m2\repository\org\apache\commons\commons-lang3\3.3.2\commons-lang3-3.3.2.jar;"/>
    <property name="sun.cpu.endian" value="little"/>
    <property name="user.home" value="C:\Users\benson"/>
    <property name="user.language" value="zh"/>
    <property name="java.specification.vendor" value="Oracle Corporation"/>
    <property name="java.home" value="C:\Program Files\AdoptOpenJDK\openlogic-openjdk-8u392-b08-windows-64\jre"/>
    <property name="basedir" value="C:\Users\benson\Desktop\school\research\ParseInject\src\java\coco\coco"/>
    <property name="file.separator" value="\"/>
    <property name="line.separator" value="&#10;"/>
    <property name="java.vm.specification.vendor" value="Oracle Corporation"/>
    <property name="java.specification.name" value="Java Platform API Specification"/>
    <property name="java.awt.graphicsenv" value="sun.awt.Win32GraphicsEnvironment"/>
    <property name="surefire.real.class.path" value="C:\Users\benson\AppData\Local\Temp\surefire2589518369694010660\surefirebooter5843682665321344772.jar"/>
    <property name="sun.boot.class.path" value="C:\Program Files\AdoptOpenJDK\openlogic-openjdk-8u392-b08-windows-64\jre\lib\resources.jar;C:\Program Files\AdoptOpenJDK\openlogic-openjdk-8u392-b08-windows-64\jre\lib\rt.jar;C:\Program Files\AdoptOpenJDK\openlogic-openjdk-8u392-b08-windows-64\jre\lib\sunrsasign.jar;C:\Program Files\AdoptOpenJDK\openlogic-openjdk-8u392-b08-windows-64\jre\lib\jsse.jar;C:\Program Files\AdoptOpenJDK\openlogic-openjdk-8u392-b08-windows-64\jre\lib\jce.jar;C:\Program Files\AdoptOpenJDK\openlogic-openjdk-8u392-b08-windows-64\jre\lib\charsets.jar;C:\Program Files\AdoptOpenJDK\openlogic-openjdk-8u392-b08-windows-64\jre\lib\jfr.jar;C:\Program Files\AdoptOpenJDK\openlogic-openjdk-8u392-b08-windows-64\jre\classes"/>
    <property name="user.script" value=""/>
    <property name="sun.management.compiler" value="HotSpot 64-Bit Tiered Compilers"/>
    <property name="java.runtime.version" value="1.8.0_392-392-b08"/>
    <property name="user.name" value="benson"/>
    <property name="path.separator" value=";"/>
    <property name="os.version" value="10.0"/>
    <property name="java.endorsed.dirs" value="C:\Program Files\AdoptOpenJDK\openlogic-openjdk-8u392-b08-windows-64\jre\lib\endorsed"/>
    <property name="java.runtime.name" value="OpenJDK Runtime Environment"/>
    <property name="file.encoding" value="MS950"/>
    <property name="java.vm.name" value="OpenJDK 64-Bit Server VM"/>
    <property name="localRepository" value="C:\Users\benson\.m2\repository"/>
    <property name="java.vendor.url.bug" value="http://bugreport.sun.com/bugreport/"/>
    <property name="java.io.tmpdir" value="C:\Users\benson\AppData\Local\Temp\"/>
    <property name="java.version" value="1.8.0_392-392"/>
    <property name="user.dir" value="C:\Users\benson\Desktop\school\research\ParseInject\src\java\coco\coco"/>
    <property name="os.arch" value="amd64"/>
    <property name="java.vm.specification.name" value="Java Virtual Machine Specification"/>
    <property name="java.awt.printerjob" value="sun.awt.windows.WPrinterJob"/>
    <property name="user.language.format" value="en"/>
    <property name="sun.os.patch.level" value=""/>
    <property name="java.library.path" value="C:\Program Files\AdoptOpenJDK\openlogic-openjdk-8u392-b08-windows-64\jre\bin;C:\WINDOWS\Sun\Java\bin;C:\WINDOWS\system32;C:\WINDOWS;C:\Program Files (x86)\Common Files\Intel\Shared Libraries\redist\intel64\compiler;C:\Program Files\AdoptOpenJDK\jdk-15.0.1.9-hotspot\bin;C:\Windows\system32;C:\Windows;C:\Windows\System32\Wbem;C:\Windows\System32\WindowsPowerShell\v1.0\;C:\Windows\System32\OpenSSH\;C:\Program Files (x86)\NVIDIA Corporation\PhysX\Common;C:\Program Files\NVIDIA Corporation\NVIDIA NvDLISR;C:\Program Files\dotnet\;C:\Program Files\Microsoft SQL Server\130\Tools\Binn\;C:\WINDOWS\system32;C:\WINDOWS;C:\WINDOWS\System32\Wbem;C:\WINDOWS\System32\WindowsPowerShell\v1.0\;C:\WINDOWS\System32\OpenSSH\;C:\ffmpeg\bin;C:\Program Files\Git\cmd;C:\MinGW\bin;C:\Program Files\Go\bin;C:\Program Files\nodejs\;C:\Program Files\PuTTY\;C:\Program Files\Graphviz\bin;C:\Users\benson\AppData\Local\Microsoft\WindowsApps;C:\Program Files\Bandizip\;C:\Users\benson\.dotnet\tools;C:\php;C:\Users\benson\AppData\Local\atom\bin;C:\Users\benson\AppData\Local\Programs\Microsoft VS Code\bin;C:\Users\benson\go\bin;C:\Users\benson\AppData\Roaming\npm;D:\antlr4\bin;C:\Program Files\apache-maven-3.9.5\bin;;."/>
    <property name="java.vm.info" value="mixed mode"/>
    <property name="java.vendor" value="OpenLogic-OpenJDK"/>
    <property name="java.vm.version" value="25.392-b08"/>
    <property name="java.specification.maintenance.version" value="5"/>
    <property name="java.ext.dirs" value="C:\Program Files\AdoptOpenJDK\openlogic-openjdk-8u392-b08-windows-64\jre\lib\ext;C:\WINDOWS\Sun\Java\lib\ext"/>
    <property name="sun.io.unicode.encoding" value="UnicodeLittle"/>
    <property name="java.class.version" value="52.0"/>
  </properties>
  <testcase name="testSampleInput" classname="com.example.TestSampleInput" time="0.182"/>
</testsuite>